app/build/intermediates/manifest_merge_blame_file/debug/manifest-merger-blame-debug-report.txt
1<?xml version="1.0" encoding="utf-8"?>
2<manifest xmlns:android="http://schemas.android.com/apk/res/android"
3    package="com.autoconfirm.smsforwarder"
4    android:versionCode="1"
5    android:versionName="1.0" >
6
7    <uses-sdk
8        android:minSdkVersion="21"
9        android:targetSdkVersion="33" />
10
11    <uses-permission android:name="android.permission.RECEIVE_SMS" />
11-->src/main/AndroidManifest.xml:3:5-69
11-->src/main/AndroidManifest.xml:3:22-67
12    <uses-permission android:name="android.permission.READ_SMS" />
12-->src/main/AndroidManifest.xml:4:5-66
12-->src/main/AndroidManifest.xml:4:22-64
13    <uses-permission android:name="android.permission.INTERNET" />
13-->src/main/AndroidManifest.xml:5:5-66
13-->src/main/AndroidManifest.xml:5:22-64
14    <uses-permission android:name="android.permission.FOREGROUND_SERVICE" />
14-->src/main/AndroidManifest.xml:6:5-76
14-->src/main/AndroidManifest.xml:6:22-74
15    <uses-permission android:name="android.permission.RECEIVE_BOOT_COMPLETED" />
15-->src/main/AndroidManifest.xml:7:5-80
15-->src/main/AndroidManifest.xml:7:22-78
16
17    <permission
17-->[androidx.core:core:1.9.0] AndroidManifest.xml:22:5-24:47
18        android:name="com.autoconfirm.smsforwarder.DYNAMIC_RECEIVER_NOT_EXPORTED_PERMISSION"
18-->[androidx.core:core:1.9.0] AndroidManifest.xml:23:9-81
19        android:protectionLevel="signature" />
19-->[androidx.core:core:1.9.0] AndroidManifest.xml:24:9-44
20
21    <uses-permission android:name="com.autoconfirm.smsforwarder.DYNAMIC_RECEIVER_NOT_EXPORTED_PERMISSION" />
21-->[androidx.core:core:1.9.0] AndroidManifest.xml:26:5-97
21-->[androidx.core:core:1.9.0] AndroidManifest.xml:26:22-94
22
23    <application
23-->src/main/AndroidManifest.xml:9:5-39:19
24        android:appComponentFactory="androidx.core.app.CoreComponentFactory"
24-->[androidx.core:core:1.9.0] AndroidManifest.xml:28:18-86
25        android:debuggable="true"
26        android:extractNativeLibs="true"
27        android:label="AutoConfirm SMS"
27-->src/main/AndroidManifest.xml:10:9-40
28        android:theme="@style/Theme.AppCompat.Light" >
28-->src/main/AndroidManifest.xml:11:9-53
29        <activity
29-->src/main/AndroidManifest.xml:13:9-19:20
30            android:name="com.autoconfirm.smsforwarder.MainActivity"
30-->src/main/AndroidManifest.xml:13:19-47
31            android:exported="true" >
31-->src/main/AndroidManifest.xml:14:13-36
32            <intent-filter>
32-->src/main/AndroidManifest.xml:15:13-18:29
33                <action android:name="android.intent.action.MAIN" />
33-->src/main/AndroidManifest.xml:16:17-68
33-->src/main/AndroidManifest.xml:16:25-66
34
35                <category android:name="android.intent.category.LAUNCHER" />
35-->src/main/AndroidManifest.xml:17:17-76
35-->src/main/AndroidManifest.xml:17:27-74
36            </intent-filter>
37        </activity>
38
39        <receiver
39-->src/main/AndroidManifest.xml:21:9-27:20
40            android:name="com.autoconfirm.smsforwarder.SmsReceiver"
40-->src/main/AndroidManifest.xml:21:19-46
41            android:exported="true"
41-->src/main/AndroidManifest.xml:22:13-36
42            android:permission="android.permission.BROADCAST_SMS" >
42-->src/main/AndroidManifest.xml:23:13-66
43            <intent-filter android:priority="999" >
43-->src/main/AndroidManifest.xml:24:13-26:29
43-->src/main/AndroidManifest.xml:24:28-50
44                <action android:name="android.provider.Telephony.SMS_RECEIVED" />
44-->src/main/AndroidManifest.xml:25:17-81
44-->src/main/AndroidManifest.xml:25:25-79
45            </intent-filter>
46        </receiver>
47
48        <service
48-->src/main/AndroidManifest.xml:29:9-31:39
49            android:name="com.autoconfirm.smsforwarder.SmsService"
49-->src/main/AndroidManifest.xml:29:18-44
50            android:exported="false"
50-->src/main/AndroidManifest.xml:31:13-37
51            android:foregroundServiceType="dataSync" />
51-->src/main/AndroidManifest.xml:30:13-53
52
53        <receiver
53-->src/main/AndroidManifest.xml:33:9-37:20
54            android:name="com.autoconfirm.smsforwarder.BootReceiver"
54-->src/main/AndroidManifest.xml:33:19-47
55            android:exported="true" >
55-->src/main/AndroidManifest.xml:33:48-71
56            <intent-filter>
56-->src/main/AndroidManifest.xml:34:13-36:29
57                <action android:name="android.intent.action.BOOT_COMPLETED" />
57-->src/main/AndroidManifest.xml:35:17-78
57-->src/main/AndroidManifest.xml:35:25-76
58            </intent-filter>
59        </receiver>
60
61        <provider
61-->[androidx.emoji2:emoji2:1.2.0] AndroidManifest.xml:24:9-32:20
62            android:name="androidx.startup.InitializationProvider"
62-->[androidx.emoji2:emoji2:1.2.0] AndroidManifest.xml:25:13-67
63            android:authorities="com.autoconfirm.smsforwarder.androidx-startup"
63-->[androidx.emoji2:emoji2:1.2.0] AndroidManifest.xml:26:13-68
64            android:exported="false" >
64-->[androidx.emoji2:emoji2:1.2.0] AndroidManifest.xml:27:13-37
65            <meta-data
65-->[androidx.emoji2:emoji2:1.2.0] AndroidManifest.xml:29:13-31:52
66                android:name="androidx.emoji2.text.EmojiCompatInitializer"
66-->[androidx.emoji2:emoji2:1.2.0] AndroidManifest.xml:30:17-75
67                android:value="androidx.startup" />
67-->[androidx.emoji2:emoji2:1.2.0] AndroidManifest.xml:31:17-49
68            <meta-data
68-->[androidx.lifecycle:lifecycle-process:2.4.1] AndroidManifest.xml:31:13-33:52
69                android:name="androidx.lifecycle.ProcessLifecycleInitializer"
69-->[androidx.lifecycle:lifecycle-process:2.4.1] AndroidManifest.xml:32:17-78
70                android:value="androidx.startup" />
70-->[androidx.lifecycle:lifecycle-process:2.4.1] AndroidManifest.xml:33:17-49
71        </provider>
72    </application>
73
74</manifest>